[1737545109.056][INFO]: Starting ChromeDriver 132.0.6834.83 (03d59cf5ecf1d8444838ff9a1e96231304d4ff9c-refs/branc port 17034
Only local connections are allowed.
Please see https://chromedriver.chromium.org/security-considerations for suggestions on keeping ChromeDriver safe.
ChromeDriver was started successfully on port 17034.
arted successfully on port 17034
[1737545109.131][INFO]: [5e90b3c8523dcbd3ee508d396e96e85b] COMMAND InitSession {
   "capabilities": {
      "firstMatch": [ {
         "browserName": "chrome",
         "goog:chromeOptions": {
            "args": [ "--remote-allow-origins=*", "--start-maximized", "--disable-gpu", "--no-sandbox", "--disable-dev-shm-usage", "--headless" ],
            "extensions": [  ]
         }
      } ]
   }
}
[1737545109.131][INFO]: Browser search. Trying... C:\Users\HASVET\.cache\selenium\chromedriver\win64\132.0.6834.83\chrome.exe
[1737545109.131][INFO]: Browser search. Trying... C:\Users\HASVET\.cache\selenium\chromedriver\win64\132.0.6834.83\chrome.exe
[1737545109.132][INFO]: Browser search. Trying... C:\Users\HASVET\.cache\selenium\chromedriver\win64\132.0.6834.83\chromium.exe
[1737545109.134][INFO]: Browser search. Trying... C:\Users\HASVET\AppData\Local\Google\Chrome\Application\chrome.exe
[1737545109.134][INFO]: Browser search. Trying... C:\Program Files\Google\Chrome\Application\chrome.exe
[1737545109.134][INFO]: Browser search. Found at  C:\Program Files\Google\Chrome\Application\chrome.exe
[1737545109.134][INFO]: Populating Preferences file: {
   "alternate_error_pages": {
      "enabled": false
   },
   "autofill": {
      "enabled": false
   },
   "browser": {
      "check_default_browser": false
   },
   "distribution": {
      "import_bookmarks": false,
      "import_history": false,
      "import_search_engine": false,
      "make_chrome_default_for_user": false,
      "skip_first_run_ui": true
   },
   "dns_prefetching": {
      "enabled": false
   },
   "profile": {
      "content_settings": {
         "pattern_pairs": {
            "https://*,*": {
               "media-stream": {
                  "audio": "Default",
                  "video": "Default"
               }
            }
         }
      },
      "default_content_setting_values": {
         "geolocation": 1
      },
      "default_content_settings": {
         "geolocation": 1,
         "mouselock": 1,
         "notifications": 1,
         "popups": 1,
         "ppapi-broker": 1
      },
      "password_manager_enabled": false
   },
   "safebrowsing": {
      "enabled": false
   },
   "search": {
      "suggest_enabled": false
   },
   "translate": {
      "enabled": false
   }
}
[1737545109.135][INFO]: Populating Local State file: {
   "background_mode": {
      "enabled": false
   },
   "ssl": {
      "rev_checking": {
         "enabled": false
      }
   }
}
[1737545109.136][INFO]: ChromeDriver supports communication with Chrome via pipes. This is more reliable and more secure.
[1737545109.136][INFO]: Use the --remote-debugging-pipe Chrome switch instead of the default --remote-debugging-port to enable this communication mode.
[1737545109.137][INFO]: Launching chrome: "C:\Program Files\Google\Chrome\Application\chrome.exe" --allow-pre-commit-input --disable-background-networking --disable-backgrounding-occluded-windows --disable-client-side-phishing-detection --disable-default-apps --disable-dev-shm-usage --disable-gpu --disable-hang-monitor --disable-popup-blocking --disable-prompt-on-repost --disable-sync --enable-automation --enable-logging --headless --log-level=0 --no-first-run --no-sandbox --no-service-autorun --password-store=basic --remote-allow-origins=* --remote-debugging-port=0 --start-maximized --test-type=webdriver --use-mock-keychain --user-data-dir="C:\Users\HASVET\AppData\Local\Temp\scoped_dir2912_2021862669" data:,
[1737545109.479][DEBUG]: DevTools HTTP Request: http://localhost:65243/json/version
[1737545109.832][DEBUG]: DevTools HTTP Response: {
   "Browser": "Chrome/132.0.6834.83",
   "Protocol-Version": "1.3",
   "User-Agent": "Mozilla/5.0 (Windows NT 10.0; Win64; x64) AppleWebKit/537.36 (KHTML, like Gecko) HeadlessChrome/132.0.0.0 Safari/537.36",
   "V8-Version": "13.2.152.27",
   "WebKit-Version": "537.36 (@03d59cf5ecf1d8444838ff9a1e96231304d4ff9c)",
   "webSocketDebuggerUrl": "ws://localhost:65243/devtools/browser/f8ff83e1-ec00-4da3-aed3-166b968b7a29"
}

[1737545109.832][DEBUG]: DevTools HTTP Request: http://localhost:65243/json/list
[1737545109.833][DEBUG]: DevTools HTTP Response: [ {
   "description": "",
   "devtoolsFrontendUrl": "/devtools/inspector.html?ws=localhost:65243/devtools/page/67BFAF8BEC5814912A7B90B92E9F25DD",
   "id": "67BFAF8BEC5814912A7B90B92E9F25DD",
   "title": "data:,",
   "type": "page",
   "url": "data:,",
   "webSocketDebuggerUrl": "ws://localhost:65243/devtools/page/67BFAF8BEC5814912A7B90B92E9F25DD"
} ]

[1737545109.839][INFO]: resolved localhost to ["::1","127.0.0.1"]
[1737545109.843][DEBUG]: DevTools WebSocket Command: Target.getTargets (id=1) (session_id=) browser {
}
[1737545109.845][DEBUG]: DevTools WebSocket Response: Target.getTargets (id=1) (session_id=) browser {
   "targetInfos": [ {
      "attached": false,
      "browserContextId": "B85C676E85568AE48E53688A517BEF83",
      "canAccessOpener": false,
      "targetId": "67BFAF8BEC5814912A7B90B92E9F25DD",
      "title": "data:,",
      "type": "page",
      "url": "data:,"
   } ]
}
[1737545109.845][DEBUG]: DevTools WebSocket Command: Target.attachToTarget (id=2) (session_id=) browser {
   "flatten": true,
   "targetId": "67BFAF8BEC5814912A7B90B92E9F25DD"
}
[1737545109.847][DEBUG]: DevTools WebSocket Event: Target.attachedToTarget (session_id=) browser {
   "sessionId": "5FB435CCC0468B768E533B3A68D1ED0F",
   "targetInfo": {
      "attached": true,
      "browserContextId": "B85C676E85568AE48E53688A517BEF83",
      "canAccessOpener": false,
      "targetId": "67BFAF8BEC5814912A7B90B92E9F25DD",
      "title": "data:,",
      "type": "page",
      "url": "data:,"
   },
   "waitingForDebugger": false
}
[1737545109.847][DEBUG]: DevTools WebSocket Response: Target.attachToTarget (id=2) (session_id=) browser {
   "sessionId": "5FB435CCC0468B768E533B3A68D1ED0F"
}
[1737545109.847][DEBUG]: DevTools WebSocket Command: Page.enable (id=3) (session_id=5FB435CCC0468B768E533B3A68D1ED0F) 67BFAF8BEC5814912A7B90B92E9F25DD {
}
[1737545109.848][DEBUG]: DevTools WebSocket Command: Page.addScriptToEvaluateOnNewDocument (id=4) (session_id=5FB435CCC0468B768E533B3A68D1ED0F) 67BFAF8BEC5814912A7B90B92E9F25DD {
   "source": "(function () {window.cdc_adoQpoasnfa76pfcZLmcfl_Array = window.Array;window.cdc_adoQpoasnfa76pfcZLmcfl_Object = window.Object;window.cdc_adoQpoasnfa76pfcZLmcfl_Promise = window.Promise;window.cdc_a..."
}
[1737545109.848][DEBUG]: DevTools WebSocket Command: Runtime.evaluate (id=5) (session_id=5FB435CCC0468B768E533B3A68D1ED0F) 67BFAF8BEC5814912A7B90B92E9F25DD {
   "expression": "(function () {window.cdc_adoQpoasnfa76pfcZLmcfl_Array = window.Array;window.cdc_adoQpoasnfa76pfcZLmcfl_Object = window.Object;window.cdc_adoQpoasnfa76pfcZLmcfl_Promise = window.Promise;window.cdc_a..."
}
[1737545109.849][DEBUG]: DevTools WebSocket Command: Log.enable (id=6) (session_id=5FB435CCC0468B768E533B3A68D1ED0F) 67BFAF8BEC5814912A7B90B92E9F25DD {
}
[1737545109.849][DEBUG]: DevTools WebSocket Command: Target.setAutoAttach (id=7) (session_id=5FB435CCC0468B768E533B3A68D1ED0F) 67BFAF8BEC5814912A7B90B92E9F25DD {
   "autoAttach": true,
   "flatten": true,
   "waitForDebuggerOnStart": false
}
[1737545109.850][DEBUG]: DevTools WebSocket Response: Page.enable (id=3) (session_id=5FB435CCC0468B768E533B3A68D1ED0F) 67BFAF8BEC5814912A7B90B92E9F25DD {
}
[1737545109.850][DEBUG]: DevTools WebSocket Response: Page.addScriptToEvaluateOnNewDocument (id=4) (session_id=5FB435CCC0468B768E533B3A68D1ED0F) 67BFAF8BEC5814912A7B90B92E9F25DD {
   "identifier": "1"
}
[1737545109.850][DEBUG]: DevTools WebSocket Response: Runtime.evaluate (id=5) (session_id=5FB435CCC0468B768E533B3A68D1ED0F) 67BFAF8BEC5814912A7B90B92E9F25DD {
   "result": {
      "type": "undefined"
   }
}
[1737545109.850][DEBUG]: DevTools WebSocket Response: Log.enable (id=6) (session_id=5FB435CCC0468B768E533B3A68D1ED0F) 67BFAF8BEC5814912A7B90B92E9F25DD {
}
[1737545109.853][DEBUG]: DevTools WebSocket Response: Target.setAutoAttach (id=7) (session_id=5FB435CCC0468B768E533B3A68D1ED0F) 67BFAF8BEC5814912A7B90B92E9F25DD {
}
[1737545109.853][DEBUG]: DevTools WebSocket Command: Runtime.enable (id=8) (session_id=5FB435CCC0468B768E533B3A68D1ED0F) 67BFAF8BEC5814912A7B90B92E9F25DD {
}
[1737545109.855][DEBUG]: DevTools WebSocket Event: Runtime.executionContextCreated (session_id=5FB435CCC0468B768E533B3A68D1ED0F) 67BFAF8BEC5814912A7B90B92E9F25DD {
   "context": {
      "auxData": {
         "frameId": "67BFAF8BEC5814912A7B90B92E9F25DD",
         "isDefault": true,
         "type": "default"
      },
      "id": 1,
      "name": "",
      "origin": "://",
      "uniqueId": "-2867869574814411081.-8943857087608610353"
   }
}
[1737545109.860][DEBUG]: DevTools WebSocket Response: Runtime.enable (id=8) (session_id=5FB435CCC0468B768E533B3A68D1ED0F) 67BFAF8BEC5814912A7B90B92E9F25DD {
}
[1737545109.861][DEBUG]: DevTools WebSocket Command: Runtime.enable (id=9) (session_id=5FB435CCC0468B768E533B3A68D1ED0F) 67BFAF8BEC5814912A7B90B92E9F25DD {
}
[1737545109.866][DEBUG]: DevTools WebSocket Response: Runtime.enable (id=9) (session_id=5FB435CCC0468B768E533B3A68D1ED0F) 67BFAF8BEC5814912A7B90B92E9F25DD {
}
[1737545109.866][INFO]: [5e90b3c8523dcbd3ee508d396e96e85b] RESPONSE InitSession {
   "capabilities": {
      "acceptInsecureCerts": false,
      "browserName": "chrome",
      "browserVersion": "132.0.6834.83",
      "chrome": {
         "chromedriverVersion": "132.0.6834.83 (03d59cf5ecf1d8444838ff9a1e96231304d4ff9c-refs/branch-heads/6834@{#3390})",
         "userDataDir": "C:\\Users\\HASVET\\AppData\\Local\\Temp\\scoped_dir2912_2021862669"
      },
      "fedcm:accounts": true,
      "goog:chromeOptions": {
         "debuggerAddress": "localhost:65243"
      },
      "networkConnectionEnabled": false,
      "pageLoadStrategy": "normal",
      "platformName": "windows",
      "proxy": {
      },
      "setWindowRect": true,
      "strictFileInteractability": false,
      "timeouts": {
         "implicit": 0,
         "pageLoad": 300000,
         "script": 30000
      },
      "unhandledPromptBehavior": "dismiss and notify",
      "webauthn:extension:credBlob": true,
      "webauthn:extension:largeBlob": true,
      "webauthn:extension:minPinLength": true,
      "webauthn:extension:prf": true,
      "webauthn:virtualAuthenticators": true
   },
   "sessionId": "5e90b3c8523dcbd3ee508d396e96e85b"
}
[1737545109.916][INFO]: [5e90b3c8523dcbd3ee508d396e96e85b] COMMAND SetTimeouts {
   "implicit": 10000
}
[1737545109.916][INFO]: [5e90b3c8523dcbd3ee508d396e96e85b] RESPONSE SetTimeouts
[1737545109.921][INFO]: [5e90b3c8523dcbd3ee508d396e96e85b] COMMAND SetTimeouts {
   "pageLoad": 30000
}
[1737545109.921][INFO]: [5e90b3c8523dcbd3ee508d396e96e85b] RESPONSE SetTimeouts
[1737545109.927][INFO]: [5e90b3c8523dcbd3ee508d396e96e85b] COMMAND MaximizeWindow {
}
[1737545109.927][INFO]: Waiting for pending navigations...
[1737545109.927][DEBUG]: DevTools WebSocket Command: Runtime.evaluate (id=10) (session_id=5FB435CCC0468B768E533B3A68D1ED0F) 67BFAF8BEC5814912A7B90B92E9F25DD {
   "expression": "1"
}
[1737545109.937][DEBUG]: DevTools WebSocket Response: Runtime.evaluate (id=10) (session_id=5FB435CCC0468B768E533B3A68D1ED0F) 67BFAF8BEC5814912A7B90B92E9F25DD {
   "result": {
      "description": "1",
      "type": "number",
      "value": 1
   }
}
[1737545109.937][DEBUG]: DevTools WebSocket Command: Runtime.evaluate (id=11) (session_id=5FB435CCC0468B768E533B3A68D1ED0F) 67BFAF8BEC5814912A7B90B92E9F25DD {
   "expression": "document",
   "objectGroup": "f337bf60-33e3-4def-8885-d1f31e632f33"
}
[1737545109.942][DEBUG]: DevTools WebSocket Response: Runtime.evaluate (id=11) (session_id=5FB435CCC0468B768E533B3A68D1ED0F) 67BFAF8BEC5814912A7B90B92E9F25DD {
   "result": {
      "className": "HTMLDocument",
      "description": "#document",
      "objectId": "4153491501321560543.1.1",
      "subtype": "node",
      "type": "object"
   }
}
[1737545109.942][DEBUG]: DevTools WebSocket Command: DOM.describeNode (id=12) (session_id=5FB435CCC0468B768E533B3A68D1ED0F) 67BFAF8BEC5814912A7B90B92E9F25DD {
   "objectId": "4153491501321560543.1.1"
}
[1737545109.944][DEBUG]: DevTools WebSocket Response: DOM.describeNode (id=12) (session_id=5FB435CCC0468B768E533B3A68D1ED0F) 67BFAF8BEC5814912A7B90B92E9F25DD {
   "node": {
      "backendNodeId": 1,
      "baseURL": "data:,",
      "childNodeCount": 1,
      "compatibilityMode": "NoQuirksMode",
      "documentURL": "data:,",
      "localName": "",
      "nodeId": 0,
      "nodeName": "#document",
      "nodeType": 9,
      "nodeValue": "",
      "xmlVersion": ""
   }
}
[1737545109.944][DEBUG]: DevTools WebSocket Command: Runtime.releaseObjectGroup (id=13) (session_id=5FB435CCC0468B768E533B3A68D1ED0F) 67BFAF8BEC5814912A7B90B92E9F25DD {
   "objectGroup": "f337bf60-33e3-4def-8885-d1f31e632f33"
}
[1737545109.944][DEBUG]: DevTools WebSocket Command: Runtime.evaluate (id=14) (session_id=5FB435CCC0468B768E533B3A68D1ED0F) 67BFAF8BEC5814912A7B90B92E9F25DD {
   "awaitPromise": false,
   "expression": "document.readyState",
   "returnByValue": true,
   "uniqueContextId": "-2867869574814411081.-8943857087608610353"
}
[1737545109.945][DEBUG]: DevTools WebSocket Response: Runtime.releaseObjectGroup (id=13) (session_id=5FB435CCC0468B768E533B3A68D1ED0F) 67BFAF8BEC5814912A7B90B92E9F25DD {
}
[1737545109.945][DEBUG]: DevTools WebSocket Response: Runtime.evaluate (id=14) (session_id=5FB435CCC0468B768E533B3A68D1ED0F) 67BFAF8BEC5814912A7B90B92E9F25DD {
   "result": {
      "type": "string",
      "value": "complete"
   }
}
[1737545109.945][INFO]: Done waiting for pending navigations. Status: ok
[1737545109.946][DEBUG]: DevTools WebSocket Command: Browser.getWindowForTarget (id=15) (session_id=) browser {
   "targetId": "67BFAF8BEC5814912A7B90B92E9F25DD"
}
[1737545109.947][DEBUG]: DevTools WebSocket Response: Browser.getWindowForTarget (id=15) (session_id=) browser {
   "bounds": {
      "height": 1595,
      "left": 9,
      "top": 9,
      "width": 2102,
      "windowState": "maximized"
   },
   "windowId": 377310739
}
[1737545109.947][DEBUG]: DevTools WebSocket Command: Browser.getWindowForTarget (id=16) (session_id=) browser {
   "targetId": "67BFAF8BEC5814912A7B90B92E9F25DD"
}
[1737545109.947][DEBUG]: DevTools WebSocket Response: Browser.getWindowForTarget (id=16) (session_id=) browser {
   "bounds": {
      "height": 1595,
      "left": 9,
      "top": 9,
      "width": 2102,
      "windowState": "maximized"
   },
   "windowId": 377310739
}
[1737545109.947][INFO]: Waiting for pending navigations...
[1737545109.947][DEBUG]: DevTools WebSocket Command: Runtime.evaluate (id=17) (session_id=5FB435CCC0468B768E533B3A68D1ED0F) 67BFAF8BEC5814912A7B90B92E9F25DD {
   "expression": "1"
}
[1737545109.948][DEBUG]: DevTools WebSocket Response: Runtime.evaluate (id=17) (session_id=5FB435CCC0468B768E533B3A68D1ED0F) 67BFAF8BEC5814912A7B90B92E9F25DD {
   "result": {
      "description": "1",
      "type": "number",
      "value": 1
   }
}
[1737545109.948][INFO]: Done waiting for pending navigations. Status: ok
[1737545109.948][INFO]: [5e90b3c8523dcbd3ee508d396e96e85b] RESPONSE MaximizeWindow {
   "height": 1595,
   "width": 2102,
   "x": 9,
   "y": 9
}
[1737545110.250][INFO]: [5e90b3c8523dcbd3ee508d396e96e85b] COMMAND Quit {
}
[1737545110.312][INFO]: [5e90b3c8523dcbd3ee508d396e96e85b] RESPONSE Quit
[1737545110.312][DEBUG]: Log type 'driver' lost 0 entries on destruction
[1737545110.312][DEBUG]: Log type 'browser' lost 0 entries on destruction
